<?xml version="1.0" encoding="UTF-8"?>
<testsuite name="com.KarthikProject.BooksRepository.RepoTests.BookRepoTest" tests="1" skipped="0" failures="0" errors="0" timestamp="2024-03-08T15:47:07" hostname="DELL" time="0.534">
  <properties/>
  <testcase name="getBooksWithAuthenticationTest()" classname="com.KarthikProject.BooksRepository.RepoTests.BookRepoTest" time="0.534"/>
  <system-out><![CDATA[21:16:49.181 [Test worker] INFO org.springframework.test.context.support.AnnotationConfigContextLoaderUtils -- Could not detect default configuration classes for test class [com.KarthikProject.BooksRepository.RepoTests.BookRepoTest]: BookRepoTest does not declare any static, non-private, non-final, nested classes annotated with @Configuration.
21:16:49.855 [Test worker] INFO org.springframework.boot.test.context.SpringBootTestContextBootstrapper -- Found @SpringBootConfiguration com.KarthikProject.BooksRepository.BooksRepositoryApplication for test class com.KarthikProject.BooksRepository.RepoTests.BookRepoTest

  .   ____          _            __ _ _
 /\\ / ___'_ __ _ _(_)_ __  __ _ \ \ \ \
( ( )\___ | '_ | '_| | '_ \/ _` | \ \ \ \
 \\/  ___)| |_)| | | | | || (_| |  ) ) ) )
  '  |____| .__|_| |_|_| |_\__, | / / / /
 =========|_|==============|___/=/_/_/_/
 :: Spring Boot ::                (v3.2.0)

2024-03-08T21:16:56.473+05:30  INFO 10244 --- [BOOK-APPLICATION] [    Test worker] c.K.B.RepoTests.BookRepoTest             : Starting BookRepoTest using Java 18.0.2.1 with PID 10244 (started by kpnzeus in C:\Users\kpnze\OneDrive\Desktop\Book Application\BookRepository)
2024-03-08T21:16:56.514+05:30  INFO 10244 --- [BOOK-APPLICATION] [    Test worker] c.K.B.RepoTests.BookRepoTest             : No active profile set, falling back to 1 default profile: "default"
2024-03-08T21:16:56.595+05:30  INFO 10244 --- [BOOK-APPLICATION] [    Test worker] o.s.c.c.c.ConfigServerConfigDataLoader   : Fetching config from server at : http://localhost:8888
2024-03-08T21:16:56.595+05:30  WARN 10244 --- [BOOK-APPLICATION] [    Test worker] o.s.c.c.c.ConfigServerConfigDataLoader   : Could not locate PropertySource ([ConfigServerConfigDataResource@14fa92af uris = array<String>['http://localhost:8888'], optional = true, profiles = 'default']): None of labels [] found
2024-03-08T21:16:56.596+05:30  INFO 10244 --- [BOOK-APPLICATION] [    Test worker] o.s.c.c.c.ConfigServerConfigDataLoader   : Fetching config from server at : http://localhost:8888
2024-03-08T21:16:56.596+05:30  WARN 10244 --- [BOOK-APPLICATION] [    Test worker] o.s.c.c.c.ConfigServerConfigDataLoader   : Could not locate PropertySource ([ConfigServerConfigDataResource@761956ac uris = array<String>['http://localhost:8888'], optional = true, profiles = 'default']): None of labels [] found
2024-03-08T21:16:56.596+05:30  INFO 10244 --- [BOOK-APPLICATION] [    Test worker] o.s.c.c.c.ConfigServerConfigDataLoader   : Fetching config from server at : http://localhost:8888
2024-03-08T21:16:56.597+05:30  WARN 10244 --- [BOOK-APPLICATION] [    Test worker] o.s.c.c.c.ConfigServerConfigDataLoader   : Could not locate PropertySource ([ConfigServerConfigDataResource@71978f46 uris = array<String>['http://localhost:8888'], optional = true, profiles = 'default']): None of labels [] found
2024-03-08T21:17:06.886+05:30  WARN 10244 --- [BOOK-APPLICATION] [    Test worker] .s.s.UserDetailsServiceAutoConfiguration : 

Using generated security password: 205b6246-65b6-4345-bba1-27befe08e43f

This generated password is for development use only. Your security configuration must be updated before running your application in production.

2024-03-08T21:17:07.341+05:30  INFO 10244 --- [BOOK-APPLICATION] [    Test worker] o.s.s.web.DefaultSecurityFilterChain     : Will secure any request with [org.springframework.security.web.session.DisableEncodeUrlFilter@b68932b, org.springframework.security.web.context.request.async.WebAsyncManagerIntegrationFilter@77b27b57, org.springframework.security.web.context.SecurityContextHolderFilter@5de243bb, org.springframework.security.web.header.HeaderWriterFilter@29db008c, org.springframework.web.filter.CorsFilter@7adff6cb, org.springframework.security.web.csrf.CsrfFilter@5d68be4f, org.springframework.security.web.authentication.logout.LogoutFilter@405223e4, org.springframework.security.web.authentication.UsernamePasswordAuthenticationFilter@6723e6b3, org.springframework.security.web.authentication.ui.DefaultLoginPageGeneratingFilter@3b64f131, org.springframework.security.web.authentication.ui.DefaultLogoutPageGeneratingFilter@13ebccd, org.springframework.security.web.authentication.www.BasicAuthenticationFilter@4cb82b09, org.springframework.security.web.savedrequest.RequestCacheAwareFilter@35260785, org.springframework.security.web.servletapi.SecurityContextHolderAwareRequestFilter@76d828ff, org.springframework.security.web.authentication.AnonymousAuthenticationFilter@4e80960a, org.springframework.security.web.access.ExceptionTranslationFilter@4de93edd, org.springframework.security.web.access.intercept.AuthorizationFilter@45b08b17]
2024-03-08T21:17:07.543+05:30  INFO 10244 --- [BOOK-APPLICATION] [    Test worker] o.s.b.t.m.w.SpringBootMockServletContext : Initializing Spring TestDispatcherServlet ''
2024-03-08T21:17:07.545+05:30  INFO 10244 --- [BOOK-APPLICATION] [    Test worker] o.s.t.web.servlet.TestDispatcherServlet  : Initializing Servlet ''
2024-03-08T21:17:07.549+05:30  INFO 10244 --- [BOOK-APPLICATION] [    Test worker] o.s.t.web.servlet.TestDispatcherServlet  : Completed initialization in 4 ms
2024-03-08T21:17:07.625+05:30  INFO 10244 --- [BOOK-APPLICATION] [    Test worker] c.K.B.RepoTests.BookRepoTest             : Started BookRepoTest in 17.465 seconds (process running for 22.512)
2024-03-08T21:17:07.941+05:30  WARN 10244 --- [BOOK-APPLICATION] [    Test worker] o.s.w.s.h.HandlerMappingIntrospector     : Cache miss for REQUEST dispatch to '/books/All' (previous null). Performing CorsConfiguration lookup. This is logged once only at WARN level, and every time at TRACE.
]]></system-out>
  <system-err><![CDATA[]]></system-err>
</testsuite>
