<?xml version="1.0" encoding="UTF-8"?>
<testsuite name="com.KarthikProject.BooksRepository.BooksRepositoryApplicationTests" tests="1" skipped="0" failures="0" errors="0" timestamp="2023-10-31T10:35:41" hostname="DELL" time="0.894">
  <properties/>
  <testcase name="contextLoads()" classname="com.KarthikProject.BooksRepository.BooksRepositoryApplicationTests" time="0.894"/>
  <system-out><![CDATA[16:05:32.331 [Test worker] INFO org.springframework.test.context.support.AnnotationConfigContextLoaderUtils -- Could not detect default configuration classes for test class [com.KarthikProject.BooksRepository.BooksRepositoryApplicationTests]: BooksRepositoryApplicationTests does not declare any static, non-private, non-final, nested classes annotated with @Configuration.
16:05:32.510 [Test worker] INFO org.springframework.boot.test.context.SpringBootTestContextBootstrapper -- Found @SpringBootConfiguration com.KarthikProject.BooksRepository.BooksRepositoryApplication for test class com.KarthikProject.BooksRepository.BooksRepositoryApplicationTests
2023-10-31T16:05:33.393+05:30  INFO 11504 --- [    Test worker] c.K.B.BooksRepositoryApplicationTests    : Starting BooksRepositoryApplicationTests using Java 18.0.2.1 with PID 11504 (started by kpnze in E:\Eclipse\BooksRepository)
2023-10-31T16:05:33.398+05:30  INFO 11504 --- [    Test worker] c.K.B.BooksRepositoryApplicationTests    : No active profile set, falling back to 1 default profile: "default"
2023-10-31T16:05:35.200+05:30  INFO 11504 --- [    Test worker] .s.d.r.c.RepositoryConfigurationDelegate : Bootstrapping Spring Data JPA repositories in DEFAULT mode.
2023-10-31T16:05:35.311+05:30  INFO 11504 --- [    Test worker] .s.d.r.c.RepositoryConfigurationDelegate : Finished Spring Data repository scanning in 94 ms. Found 1 JPA repository interfaces.
2023-10-31T16:05:36.354+05:30  INFO 11504 --- [    Test worker] o.hibernate.jpa.internal.util.LogHelper  : HHH000204: Processing PersistenceUnitInfo [name: default]
2023-10-31T16:05:36.471+05:30  INFO 11504 --- [    Test worker] org.hibernate.Version                    : HHH000412: Hibernate ORM core version 6.2.9.Final
2023-10-31T16:05:36.475+05:30  INFO 11504 --- [    Test worker] org.hibernate.cfg.Environment            : HHH000406: Using bytecode reflection optimizer
2023-10-31T16:05:36.699+05:30  INFO 11504 --- [    Test worker] o.h.b.i.BytecodeProviderInitiator        : HHH000021: Bytecode provider name : bytebuddy
2023-10-31T16:05:36.903+05:30  INFO 11504 --- [    Test worker] o.s.o.j.p.SpringPersistenceUnitInfo      : No LoadTimeWeaver setup: ignoring JPA class transformer
2023-10-31T16:05:36.942+05:30  INFO 11504 --- [    Test worker] com.zaxxer.hikari.HikariDataSource       : HikariPool-1 - Starting...
2023-10-31T16:05:38.192+05:30  INFO 11504 --- [    Test worker] com.zaxxer.hikari.pool.HikariPool        : HikariPool-1 - Added connection com.mysql.cj.jdbc.ConnectionImpl@708dfe10
2023-10-31T16:05:38.196+05:30  INFO 11504 --- [    Test worker] com.zaxxer.hikari.HikariDataSource       : HikariPool-1 - Start completed.
2023-10-31T16:05:39.125+05:30  INFO 11504 --- [    Test worker] o.h.b.i.BytecodeProviderInitiator        : HHH000021: Bytecode provider name : bytebuddy
2023-10-31T16:05:40.160+05:30  INFO 11504 --- [    Test worker] o.h.e.t.j.p.i.JtaPlatformInitiator       : HHH000490: Using JtaPlatform implementation: [org.hibernate.engine.transaction.jta.platform.internal.NoJtaPlatform]
2023-10-31T16:05:40.318+05:30  INFO 11504 --- [    Test worker] j.LocalContainerEntityManagerFactoryBean : Initialized JPA EntityManagerFactory for persistence unit 'default'
2023-10-31T16:05:41.235+05:30  WARN 11504 --- [    Test worker] JpaBaseConfiguration$JpaWebConfiguration : spring.jpa.open-in-view is enabled by default. Therefore, database queries may be performed during view rendering. Explicitly configure spring.jpa.open-in-view to disable this warning
2023-10-31T16:05:41.886+05:30  INFO 11504 --- [    Test worker] c.K.B.BooksRepositoryApplicationTests    : Started BooksRepositoryApplicationTests in 9.025 seconds (process running for 11.234)
]]></system-out>
  <system-err><![CDATA[]]></system-err>
</testsuite>
